<?xml version="1.0" encoding="UTF-8"?>
<testsuite xmlns:xsi="http://www.w3.org/2001/XMLSchema-instance" xsi:noNamespaceSchemaLocation="https://maven.apache.org/surefire/maven-surefire-plugin/xsd/surefire-test-report.xsd" version="3.0.1" name="es.uva.AppTest" time="0.59" tests="9" errors="0" skipped="0" failures="0">
  <properties>
[...]
</properties>
  <testcase name="shouldDig" classname="es.uva.AppTest" time="0.166">
    <system-out><![CDATA[Nuevo managerCliente...
&amp#27;[H&amp#27;[2J 
----------
| @|  |  |
----------
|  |  |  |
----------
|  |  |  |
----------
Nuevo managerCliente...
&amp#27;[H&amp#27;[2J 
----------
| A|  |  |
----------
|  | @|  |
----------
|  |  |  |
----------
&amp#27;[H&amp#27;[2J 
----------
|  |  |  |
----------
|  | @|  |
----------
|  |  |  |
----------
&amp#27;[H&amp#27;[2J 
----------
| A|  |  |
----------
|  | @|  |
----------
|  |  |  |
----------
&amp#27;[H&amp#27;[2J 
----------
| A|  |  |
----------
|  | @|  |
----------
|  |  |  |
----------
&amp#27;[H&amp#27;[2J 
----------
| A|  |  |
----------
|  | @|  |
----------
|  |  |  |
----------
&amp#27;[H&amp#27;[2J 
----------
| A|  |  |
----------
|  | @|  |
----------
|  |  |  |
----------
&amp#27;[H&amp#27;[2J 
----------
| A|  |  |
----------
|  | @|  |
----------
|  |  |  |
----------
&amp#27;[H&amp#27;[2J 
----------
| A|  |  |
----------
|  | @|  |
----------
|  |  |  |
----------
]]></system-out>
    <system-err><![CDATA[[main] INFO es.uva.sockets.ManagerCliente - Nuevo managerCliente creado
[main] INFO es.uva.sockets.ManagerCliente - Nuevo managerCliente creado
[main] INFO es.uva.sockets.ServidorJuego - PLAYER JOIN <1> <0> <0>--
[main] INFO es.uva.sockets.ServidorJuego - DIG <0> <FAIL>
[main] INFO es.uva.sockets.ServidorJuego - DIG <0> <FAIL>
]]></system-err>
  </testcase>
  <testcase name="shouldEnd" classname="es.uva.AppTest" time="0.023">
    <system-out><![CDATA[Nuevo managerCliente...
&amp#27;[H&amp#27;[2J 
----------
| @|  |  |
----------
|  |  |  |
----------
|  |  |  |
----------
Nuevo managerCliente...
&amp#27;[H&amp#27;[2J 
----------
| A|  |  |
----------
|  | @|  |
----------
|  |  |  |
----------
&amp#27;[H&amp#27;[2J 
----------
|  |  |  |
----------
|  | @|  |
----------
|  |  |  |
----------
&amp#27;[H&amp#27;[2J 
----------
| A|  |  |
----------
|  | @|  |
----------
|  |  |  |
----------
&amp#27;[H&amp#27;[2J 
----------
| A|  |  |
----------
|  | @|  |
----------
|  |  |  |
----------
&amp#27;[H&amp#27;[2J 
----------
| A|  |  |
----------
|  | @|  |
----------
|  |  |  |
----------
&amp#27;[H&amp#27;[2J 
----------
| A|  |  |
----------
|  | @|  |
----------
|  |  |  |
----------
&amp#27;[H&amp#27;[2J 
----------
| A|  |  |
----------
|  | @|  |
----------
|  |  |  |
----------
&amp#27;[H&amp#27;[2J 
----------
| A|  |  |
----------
|  | @|  |
----------
|  |  |  |
----------
]]></system-out>
    <system-err><![CDATA[[main] INFO es.uva.sockets.ManagerCliente - Nuevo managerCliente creado
[main] INFO es.uva.sockets.ManagerCliente - Nuevo managerCliente creado
[main] INFO es.uva.sockets.ServidorJuego - PLAYER JOIN <1> <0> <0>--
[main] INFO es.uva.sockets.ServidorJuego - DIG <0> <SUCCESS>
[main] INFO es.uva.sockets.ServidorJuego - DIG <0> <SUCCESS>
[main] INFO es.uva.sockets.ClienteJuego - Juego finalizado. Cerrando conexión...
[main] INFO es.uva.sockets.ClienteJuego - Conexión cerrada
[main] INFO es.uva.sockets.ClienteJuego - Juego finalizado. Cerrando conexión...
[main] INFO es.uva.sockets.ClienteJuego - Conexión cerrada
]]></system-err>
  </testcase>
  <testcase name="deberiaBorrar" classname="es.uva.AppTest" time="0.059">
    <system-out><![CDATA[Nuevo managerCliente...
&amp#27;[H&amp#27;[2J 
----------
| @|  |  |
----------
|  |  |  |
----------
|  |  |  |
----------
&amp#27;[H&amp#27;[2J 
----------
| @|  |  |
----------
|  |  |  |
----------
|  |  |  |
----------
&amp#27;[H&amp#27;[2J 
----------
| @|  |  |
----------
|  |  |  |
----------
|  |  |  |
----------
&amp#27;[H&amp#27;[2J 
----------
| @|  |  |
----------
|  |  |  |
----------
|  |  |  |
----------
&amp#27;[H&amp#27;[2J 
----------
| @|  |  |
----------
|  |  |  |
----------
|  |  |  |
----------
]]></system-out>
    <system-err><![CDATA[[main] INFO es.uva.sockets.ManagerCliente - Nuevo managerCliente creado
[main] INFO es.uva.sockets.ServidorJuego - DIG <0> <FAIL>
[main] INFO es.uva.sockets.ServidorJuego - ERASE <0> 0 0 0
]]></system-err>
  </testcase>
  <testcase name="shouldJoin" classname="es.uva.AppTest" time="0.015">
    <system-out><![CDATA[Nuevo managerCliente...
&amp#27;[H&amp#27;[2J 
----------
| @|  |  |
----------
|  |  |  |
----------
|  |  |  |
----------
]]></system-out>
    <system-err><![CDATA[[main] INFO es.uva.sockets.ManagerCliente - Nuevo managerCliente creado
]]></system-err>
  </testcase>
  <testcase name="shouldMove(String, int, int)[1]" classname="es.uva.AppTest" time="0.055">
    <system-out><![CDATA[Nuevo managerCliente...
&amp#27;[H&amp#27;[2J 
----------
| @|  |  |
----------
|  |  |  |
----------
|  |  |  |
----------
Nuevo managerCliente...
&amp#27;[H&amp#27;[2J 
----------
| A|  |  |
----------
|  | @|  |
----------
|  |  |  |
----------
&amp#27;[H&amp#27;[2J 
----------
|  |  |  |
----------
|  | @|  |
----------
|  |  |  |
----------
&amp#27;[H&amp#27;[2J 
----------
| A|  |  |
----------
|  | @|  |
----------
|  |  |  |
----------
&amp#27;[H&amp#27;[2J 
----------
| A|  |  |
----------
|  | @|  |
----------
|  |  |  |
----------
&amp#27;[H&amp#27;[2J 
----------
| A| @|  |
----------
|  |  |  |
----------
|  |  |  |
----------
&amp#27;[H&amp#27;[2J 
----------
| A| @|  |
----------
|  |  |  |
----------
|  |  |  |
----------
&amp#27;[H&amp#27;[2J 
----------
| A| @|  |
----------
|  |  |  |
----------
|  |  |  |
----------
&amp#27;[H&amp#27;[2J 
----------
| A| @|  |
----------
|  |  |  |
----------
|  |  |  |
----------
]]></system-out>
    <system-err><![CDATA[[main] INFO es.uva.sockets.ManagerCliente - Nuevo managerCliente creado
[main] INFO es.uva.sockets.ManagerCliente - Nuevo managerCliente creado
[main] INFO es.uva.sockets.ServidorJuego - PLAYER JOIN <1> <0> <0>--
[main] INFO es.uva.sockets.ServidorJuego - MOVE UP <0>
[main] INFO es.uva.sockets.ServidorJuego - MOVE UP <0>
]]></system-err>
  </testcase>
  <testcase name="shouldMove(String, int, int)[2]" classname="es.uva.AppTest" time="0.018">
    <system-out><![CDATA[Nuevo managerCliente...
&amp#27;[H&amp#27;[2J 
----------
| @|  |  |
----------
|  |  |  |
----------
|  |  |  |
----------
Nuevo managerCliente...
&amp#27;[H&amp#27;[2J 
----------
| A|  |  |
----------
|  | @|  |
----------
|  |  |  |
----------
&amp#27;[H&amp#27;[2J 
----------
|  |  |  |
----------
|  | @|  |
----------
|  |  |  |
----------
&amp#27;[H&amp#27;[2J 
----------
| A|  |  |
----------
|  | @|  |
----------
|  |  |  |
----------
&amp#27;[H&amp#27;[2J 
----------
| A|  |  |
----------
|  | @|  |
----------
|  |  |  |
----------
&amp#27;[H&amp#27;[2J 
----------
| A|  |  |
----------
|  |  |  |
----------
|  | @|  |
----------
&amp#27;[H&amp#27;[2J 
----------
| A|  |  |
----------
|  |  |  |
----------
|  | @|  |
----------
&amp#27;[H&amp#27;[2J 
----------
| A|  |  |
----------
|  |  |  |
----------
|  | @|  |
----------
&amp#27;[H&amp#27;[2J 
----------
| A|  |  |
----------
|  |  |  |
----------
|  | @|  |
----------
]]></system-out>
    <system-err><![CDATA[[main] INFO es.uva.sockets.ManagerCliente - Nuevo managerCliente creado
[main] INFO es.uva.sockets.ManagerCliente - Nuevo managerCliente creado
[main] INFO es.uva.sockets.ServidorJuego - PLAYER JOIN <1> <0> <0>--
[main] INFO es.uva.sockets.ServidorJuego - MOVE DOWN <0>
[main] INFO es.uva.sockets.ServidorJuego - MOVE DOWN <0>
]]></system-err>
  </testcase>
  <testcase name="shouldMove(String, int, int)[3]" classname="es.uva.AppTest" time="0.023">
    <system-out><![CDATA[Nuevo managerCliente...
&amp#27;[H&amp#27;[2J 
----------
| @|  |  |
----------
|  |  |  |
----------
|  |  |  |
----------
Nuevo managerCliente...
&amp#27;[H&amp#27;[2J 
----------
| A|  |  |
----------
|  | @|  |
----------
|  |  |  |
----------
&amp#27;[H&amp#27;[2J 
----------
|  |  |  |
----------
|  | @|  |
----------
|  |  |  |
----------
&amp#27;[H&amp#27;[2J 
----------
| A|  |  |
----------
|  | @|  |
----------
|  |  |  |
----------
&amp#27;[H&amp#27;[2J 
----------
| A|  |  |
----------
|  | @|  |
----------
|  |  |  |
----------
&amp#27;[H&amp#27;[2J 
----------
| A|  |  |
----------
| @|  |  |
----------
|  |  |  |
----------
&amp#27;[H&amp#27;[2J 
----------
| A|  |  |
----------
| @|  |  |
----------
|  |  |  |
----------
&amp#27;[H&amp#27;[2J 
----------
| A|  |  |
----------
| @|  |  |
----------
|  |  |  |
----------
&amp#27;[H&amp#27;[2J 
----------
| A|  |  |
----------
| @|  |  |
----------
|  |  |  |
----------
]]></system-out>
    <system-err><![CDATA[[main] INFO es.uva.sockets.ManagerCliente - Nuevo managerCliente creado
[main] INFO es.uva.sockets.ManagerCliente - Nuevo managerCliente creado
[main] INFO es.uva.sockets.ServidorJuego - PLAYER JOIN <1> <0> <0>--
[main] INFO es.uva.sockets.ServidorJuego - MOVE LEFT <0>
[main] INFO es.uva.sockets.ServidorJuego - MOVE LEFT <0>
]]></system-err>
  </testcase>
  <testcase name="shouldMove(String, int, int)[4]" classname="es.uva.AppTest" time="0.02">
    <system-out><![CDATA[Nuevo managerCliente...
&amp#27;[H&amp#27;[2J 
----------
| @|  |  |
----------
|  |  |  |
----------
|  |  |  |
----------
Nuevo managerCliente...
&amp#27;[H&amp#27;[2J 
----------
| A|  |  |
----------
|  | @|  |
----------
|  |  |  |
----------
&amp#27;[H&amp#27;[2J 
----------
|  |  |  |
----------
|  | @|  |
----------
|  |  |  |
----------
&amp#27;[H&amp#27;[2J 
----------
| A|  |  |
----------
|  | @|  |
----------
|  |  |  |
----------
&amp#27;[H&amp#27;[2J 
----------
| A|  |  |
----------
|  | @|  |
----------
|  |  |  |
----------
&amp#27;[H&amp#27;[2J 
----------
| A|  |  |
----------
|  |  | @|
----------
|  |  |  |
----------
&amp#27;[H&amp#27;[2J 
----------
| A|  |  |
----------
|  |  | @|
----------
|  |  |  |
----------
&amp#27;[H&amp#27;[2J 
----------
| A|  |  |
----------
|  |  | @|
----------
|  |  |  |
----------
&amp#27;[H&amp#27;[2J 
----------
| A|  |  |
----------
|  |  | @|
----------
|  |  |  |
----------
]]></system-out>
    <system-err><![CDATA[[main] INFO es.uva.sockets.ManagerCliente - Nuevo managerCliente creado
[main] INFO es.uva.sockets.ManagerCliente - Nuevo managerCliente creado
[main] INFO es.uva.sockets.ServidorJuego - PLAYER JOIN <1> <0> <0>--
[main] INFO es.uva.sockets.ServidorJuego - MOVE RIGHT <0>
[main] INFO es.uva.sockets.ServidorJuego - MOVE RIGHT <0>
]]></system-err>
  </testcase>
  <testcase name="shouldBroadcastJoin" classname="es.uva.AppTest" time="0.014">
    <system-out><![CDATA[Nuevo managerCliente...
&amp#27;[H&amp#27;[2J 
----------
| @|  |  |
----------
|  |  |  |
----------
|  |  |  |
----------
Nuevo managerCliente...
&amp#27;[H&amp#27;[2J 
----------
| A|  |  |
----------
|  |  |  |
----------
|  |  |  |
----------
&amp#27;[H&amp#27;[2J 
----------
| A|  |  |
----------
|  |  |  |
----------
|  |  |  |
----------
&amp#27;[H&amp#27;[2J 
----------
| @|  |  |
----------
|  |  |  |
----------
|  |  |  |
----------
&amp#27;[H&amp#27;[2J 
----------
| A|  |  |
----------
|  |  |  |
----------
|  |  |  |
----------
]]></system-out>
    <system-err><![CDATA[[main] INFO es.uva.sockets.ManagerCliente - Nuevo managerCliente creado
[main] INFO es.uva.sockets.ManagerCliente - Nuevo managerCliente creado
[main] INFO es.uva.sockets.ServidorJuego - PLAYER JOIN <1> <0> <0>--
]]></system-err>
  </testcase>
</testsuite>